[2023.11.10-22.55.40] Log: Checking for mod folder
[2023.11.10-22.55.40] Log: Searching for Mods to mount
[2023.11.10-22.55.40] Log: Found 0 Mod pak files
[2023.11.10-22.55.41] Log: Mounting Paks
[2023.11.10-22.55.41] Log: ===mounted paks===
[2023.11.10-22.55.41] Log: 

[2023.11.10-23.00.04] Log: Checking for mod folder
[2023.11.10-23.00.04] Log: Searching for Mods to mount
[2023.11.10-23.00.04] Log: Found 0 Mod pak files
[2023.11.10-23.00.05] Log: Mounting Paks
[2023.11.10-23.00.05] Log: ===mounted paks===
[2023.11.10-23.00.05] Log: 

[2023.11.10-23.01.35] Log: Checking for mod folder
[2023.11.10-23.01.35] Log: Searching for Mods to mount
[2023.11.10-23.01.35] Log: Found 0 Mod pak files
[2023.11.10-23.01.36] Log: Mounting Paks
[2023.11.10-23.01.36] Log: ===mounted paks===
[2023.11.10-23.01.36] Log: 

[2023.11.10-23.03.39] Log: Checking for mod folder
[2023.11.10-23.03.39] Log: Searching for Mods to mount
[2023.11.10-23.03.39] Log: Found 0 Mod pak files
[2023.11.10-23.03.40] Log: Mounting Paks
[2023.11.10-23.03.40] Log: ===mounted paks===
[2023.11.10-23.03.40] Log: 

[2023.11.10-23.05.50] Log: Checking for mod folder
[2023.11.10-23.05.50] Log: Searching for Mods to mount
[2023.11.10-23.05.50] Log: Found 0 Mod pak files
[2023.11.10-23.05.51] Log: Mounting Paks
[2023.11.10-23.05.51] Log: ===mounted paks===
[2023.11.10-23.05.51] Log: 

[2023.11.10-23.07.55] Log: Checking for mod folder
[2023.11.10-23.07.55] Log: Searching for Mods to mount
[2023.11.10-23.07.55] Log: Found 0 Mod pak files
[2023.11.10-23.07.56] Log: Mounting Paks
[2023.11.10-23.07.56] Log: ===mounted paks===
[2023.11.10-23.07.56] Log: 

[2023.11.10-23.13.43] Log: Checking for mod folder
[2023.11.10-23.13.43] Log: Searching for Mods to mount
[2023.11.10-23.13.43] Log: Found 0 Mod pak files
[2023.11.10-23.13.44] Log: Mounting Paks
[2023.11.10-23.13.44] Log: ===mounted paks===
[2023.11.10-23.13.44] Log: 

[2023.11.10-23.17.02] Log: Checking for mod folder
[2023.11.10-23.17.02] Log: Searching for Mods to mount
[2023.11.10-23.17.02] Log: Found 0 Mod pak files
[2023.11.10-23.17.03] Log: Mounting Paks
[2023.11.10-23.17.03] Log: ===mounted paks===
[2023.11.10-23.17.03] Log: 

[2023.11.10-23.21.12] Log: Checking for mod folder
[2023.11.10-23.21.12] Log: Searching for Mods to mount
[2023.11.10-23.21.12] Log: Found 0 Mod pak files
[2023.11.10-23.21.13] Log: Mounting Paks
[2023.11.10-23.21.13] Log: ===mounted paks===
[2023.11.10-23.21.13] Log: 

[2023.11.10-23.26.45] Log: Checking for mod folder
[2023.11.10-23.26.45] Log: Searching for Mods to mount
[2023.11.10-23.26.45] Log: Found 0 Mod pak files
[2023.11.10-23.26.46] Log: Mounting Paks
[2023.11.10-23.26.46] Log: ===mounted paks===
[2023.11.10-23.26.46] Log: 

[2023.11.10-23.34.39] Log: Checking for mod folder
[2023.11.10-23.34.39] Log: Searching for Mods to mount
[2023.11.10-23.34.39] Log: Found 0 Mod pak files
[2023.11.10-23.34.40] Log: Mounting Paks
[2023.11.10-23.34.40] Log: ===mounted paks===
[2023.11.10-23.34.40] Log: 

[2023.11.10-23.36.58] Log: Checking for mod folder
[2023.11.10-23.36.58] Log: Searching for Mods to mount
[2023.11.10-23.36.58] Log: Found 0 Mod pak files
[2023.11.10-23.36.59] Log: Mounting Paks
[2023.11.10-23.36.59] Log: ===mounted paks===
[2023.11.10-23.36.59] Log: 

[2023.11.10-23.41.55] Log: Checking for mod folder
[2023.11.10-23.41.55] Log: Searching for Mods to mount
[2023.11.10-23.41.55] Log: Found 0 Mod pak files
[2023.11.10-23.41.56] Log: Mounting Paks
[2023.11.10-23.41.56] Log: ===mounted paks===
[2023.11.10-23.41.56] Log: 

[2023.11.10-23.43.33] Log: Checking for mod folder
[2023.11.10-23.43.33] Log: Searching for Mods to mount
[2023.11.10-23.43.33] Log: Found 0 Mod pak files
[2023.11.10-23.43.34] Log: Mounting Paks
[2023.11.10-23.43.34] Log: ===mounted paks===
[2023.11.10-23.43.34] Log: 

[2023.11.10-23.45.21] Log: Checking for mod folder
[2023.11.10-23.45.21] Log: Searching for Mods to mount
[2023.11.10-23.45.21] Log: Found 0 Mod pak files
[2023.11.10-23.45.22] Log: Mounting Paks
[2023.11.10-23.45.22] Log: ===mounted paks===
[2023.11.10-23.45.22] Log: 

[2023.11.10-23.46.49] Log: Checking for mod folder
[2023.11.10-23.46.49] Log: Searching for Mods to mount
[2023.11.10-23.46.49] Log: Found 0 Mod pak files
[2023.11.10-23.46.50] Log: Mounting Paks
[2023.11.10-23.46.50] Log: ===mounted paks===
[2023.11.10-23.46.50] Log: 

[2023.11.10-23.48.09] Log: Checking for mod folder
[2023.11.10-23.48.09] Log: Searching for Mods to mount
[2023.11.10-23.48.09] Log: Found 0 Mod pak files
[2023.11.10-23.48.10] Log: Mounting Paks
[2023.11.10-23.48.10] Log: ===mounted paks===
[2023.11.10-23.48.10] Log: 

[2023.11.11-00.17.43] Log: Checking for mod folder
[2023.11.11-00.17.43] Log: Searching for Mods to mount
[2023.11.11-00.17.43] Log: Found 0 Mod pak files
[2023.11.11-00.17.44] Log: Mounting Paks
[2023.11.11-00.17.44] Log: ===mounted paks===
[2023.11.11-00.17.44] Log: 

[2023.11.11-00.21.37] Log: Checking for mod folder
[2023.11.11-00.21.37] Log: Searching for Mods to mount
[2023.11.11-00.21.37] Log: Found 0 Mod pak files
[2023.11.11-00.21.38] Log: Mounting Paks
[2023.11.11-00.21.38] Log: ===mounted paks===
[2023.11.11-00.21.38] Log: 

[2023.11.11-00.22.41] Log: Checking for mod folder
[2023.11.11-00.22.41] Log: Searching for Mods to mount
[2023.11.11-00.22.41] Log: Found 0 Mod pak files
[2023.11.11-00.22.42] Log: Mounting Paks
[2023.11.11-00.22.42] Log: ===mounted paks===
[2023.11.11-00.22.42] Log: 

[2023.11.11-00.32.23] Log: Checking for mod folder
[2023.11.11-00.32.23] Log: Searching for Mods to mount
[2023.11.11-00.32.23] Log: Found 0 Mod pak files
[2023.11.11-00.32.24] Log: Mounting Paks
[2023.11.11-00.32.24] Log: ===mounted paks===
[2023.11.11-00.32.24] Log: 

[2023.11.11-00.36.39] Log: Checking for mod folder
[2023.11.11-00.36.39] Log: Searching for Mods to mount
[2023.11.11-00.36.39] Log: Found 0 Mod pak files
[2023.11.11-00.36.40] Log: Mounting Paks
[2023.11.11-00.36.40] Log: ===mounted paks===
[2023.11.11-00.36.40] Log: 

[2023.11.11-00.39.54] Log: Checking for mod folder
[2023.11.11-00.39.54] Log: Searching for Mods to mount
[2023.11.11-00.39.54] Log: Found 0 Mod pak files
[2023.11.11-00.39.55] Log: Mounting Paks
[2023.11.11-00.39.55] Log: ===mounted paks===
[2023.11.11-00.39.55] Log: 

[2023.11.11-00.44.26] Log: Checking for mod folder
[2023.11.11-00.44.26] Log: Searching for Mods to mount
[2023.11.11-00.44.26] Log: Found 0 Mod pak files
[2023.11.11-00.44.27] Log: Mounting Paks
[2023.11.11-00.44.27] Log: ===mounted paks===
[2023.11.11-00.44.27] Log: 

[2023.11.11-00.46.24] Log: Checking for mod folder
[2023.11.11-00.46.24] Log: Searching for Mods to mount
[2023.11.11-00.46.24] Log: Found 0 Mod pak files
[2023.11.11-00.46.25] Log: Mounting Paks
[2023.11.11-00.46.25] Log: ===mounted paks===
[2023.11.11-00.46.25] Log: 

[2023.11.11-00.52.26] Log: Checking for mod folder
[2023.11.11-00.52.26] Log: Searching for Mods to mount
[2023.11.11-00.52.26] Log: Found 0 Mod pak files
[2023.11.11-00.52.27] Log: Mounting Paks
[2023.11.11-00.52.27] Log: ===mounted paks===
[2023.11.11-00.52.27] Log: 

[2023.11.11-00.54.16] Log: Checking for mod folder
[2023.11.11-00.54.16] Log: Searching for Mods to mount
[2023.11.11-00.54.16] Log: Found 0 Mod pak files
[2023.11.11-00.54.17] Log: Mounting Paks
[2023.11.11-00.54.17] Log: ===mounted paks===
[2023.11.11-00.54.17] Log: 

[2023.11.11-00.58.32] Log: Checking for mod folder
[2023.11.11-00.58.32] Log: Searching for Mods to mount
[2023.11.11-00.58.32] Log: Found 0 Mod pak files
[2023.11.11-00.58.33] Log: Mounting Paks
[2023.11.11-00.58.33] Log: ===mounted paks===
[2023.11.11-00.58.33] Log: 

[2023.11.11-01.01.33] Log: Checking for mod folder
[2023.11.11-01.01.33] Log: Searching for Mods to mount
[2023.11.11-01.01.33] Log: Found 0 Mod pak files
[2023.11.11-01.01.34] Log: Mounting Paks
[2023.11.11-01.01.34] Log: ===mounted paks===
[2023.11.11-01.01.34] Log: 

[2023.11.11-01.11.03] Log: Checking for mod folder
[2023.11.11-01.11.03] Log: Searching for Mods to mount
[2023.11.11-01.11.03] Log: Found 0 Mod pak files
[2023.11.11-01.11.04] Log: Mounting Paks
[2023.11.11-01.11.04] Log: ===mounted paks===
[2023.11.11-01.11.04] Log: 

[2023.11.11-01.14.19] Log: Checking for mod folder
[2023.11.11-01.14.19] Log: Searching for Mods to mount
[2023.11.11-01.14.19] Log: Found 0 Mod pak files
[2023.11.11-01.14.20] Log: Mounting Paks
[2023.11.11-01.14.20] Log: ===mounted paks===
[2023.11.11-01.14.20] Log: 

[2023.11.11-01.18.45] Log: Checking for mod folder
[2023.11.11-01.18.45] Log: Searching for Mods to mount
[2023.11.11-01.18.45] Log: Found 0 Mod pak files
[2023.11.11-01.18.46] Log: Mounting Paks
[2023.11.11-01.18.46] Log: ===mounted paks===
[2023.11.11-01.18.46] Log: 

[2023.11.11-01.21.21] Log: Checking for mod folder
[2023.11.11-01.21.21] Log: Searching for Mods to mount
[2023.11.11-01.21.21] Log: Found 0 Mod pak files
[2023.11.11-01.21.22] Log: Mounting Paks
[2023.11.11-01.21.22] Log: ===mounted paks===
[2023.11.11-01.21.22] Log: 

[2023.11.11-01.22.36] Log: Checking for mod folder
[2023.11.11-01.22.36] Log: Searching for Mods to mount
[2023.11.11-01.22.36] Log: Found 0 Mod pak files
[2023.11.11-01.22.37] Log: Mounting Paks
[2023.11.11-01.22.37] Log: ===mounted paks===
[2023.11.11-01.22.37] Log: 

[2023.11.11-01.24.04] Log: Checking for mod folder
[2023.11.11-01.24.04] Log: Searching for Mods to mount
[2023.11.11-01.24.04] Log: Found 0 Mod pak files
[2023.11.11-01.24.05] Log: Mounting Paks
[2023.11.11-01.24.05] Log: ===mounted paks===
[2023.11.11-01.24.05] Log: 

[2023.11.11-01.25.06] Log: Checking for mod folder
[2023.11.11-01.25.06] Log: Searching for Mods to mount
[2023.11.11-01.25.06] Log: Found 0 Mod pak files
[2023.11.11-01.25.07] Log: Mounting Paks
[2023.11.11-01.25.07] Log: ===mounted paks===
[2023.11.11-01.25.07] Log: 

[2023.11.11-01.26.15] Log: Checking for mod folder
[2023.11.11-01.26.15] Log: Searching for Mods to mount
[2023.11.11-01.26.15] Log: Found 0 Mod pak files
[2023.11.11-01.26.16] Log: Mounting Paks
[2023.11.11-01.26.16] Log: ===mounted paks===
[2023.11.11-01.26.16] Log: 

[2023.11.11-01.27.06] Log: Checking for mod folder
[2023.11.11-01.27.06] Log: Searching for Mods to mount
[2023.11.11-01.27.06] Log: Found 0 Mod pak files
[2023.11.11-01.27.07] Log: Mounting Paks
[2023.11.11-01.27.07] Log: ===mounted paks===
[2023.11.11-01.27.07] Log: 

[2023.11.11-01.30.31] Log: Checking for mod folder
[2023.11.11-01.30.31] Log: Searching for Mods to mount
[2023.11.11-01.30.31] Log: Found 0 Mod pak files
[2023.11.11-01.30.32] Log: Mounting Paks
[2023.11.11-01.30.32] Log: ===mounted paks===
[2023.11.11-01.30.32] Log: 

[2023.11.11-01.34.19] Log: Checking for mod folder
[2023.11.11-01.34.19] Log: Searching for Mods to mount
[2023.11.11-01.34.19] Log: Found 0 Mod pak files
[2023.11.11-01.34.20] Log: Mounting Paks
[2023.11.11-01.34.20] Log: ===mounted paks===
[2023.11.11-01.34.20] Log: 

[2023.11.11-01.35.44] Log: Checking for mod folder
[2023.11.11-01.35.44] Log: Searching for Mods to mount
[2023.11.11-01.35.44] Log: Found 0 Mod pak files
[2023.11.11-01.35.45] Log: Mounting Paks
[2023.11.11-01.35.45] Log: ===mounted paks===
[2023.11.11-01.35.45] Log: 

[2023.11.11-01.36.55] Log: Checking for mod folder
[2023.11.11-01.36.55] Log: Searching for Mods to mount
[2023.11.11-01.36.55] Log: Found 0 Mod pak files
[2023.11.11-01.36.56] Log: Mounting Paks
[2023.11.11-01.36.56] Log: ===mounted paks===
[2023.11.11-01.36.56] Log: 

[2023.11.11-01.38.05] Log: Checking for mod folder
[2023.11.11-01.38.05] Log: Searching for Mods to mount
[2023.11.11-01.38.05] Log: Found 0 Mod pak files
[2023.11.11-01.38.06] Log: Mounting Paks
[2023.11.11-01.38.06] Log: ===mounted paks===
[2023.11.11-01.38.06] Log: 

[2023.11.11-01.40.07] Log: Checking for mod folder
[2023.11.11-01.40.07] Log: Searching for Mods to mount
[2023.11.11-01.40.07] Log: Found 0 Mod pak files
[2023.11.11-01.40.08] Log: Mounting Paks
[2023.11.11-01.40.08] Log: ===mounted paks===
[2023.11.11-01.40.08] Log: 

[2023.11.11-01.41.49] Log: Checking for mod folder
[2023.11.11-01.41.49] Log: Searching for Mods to mount
[2023.11.11-01.41.49] Log: Found 0 Mod pak files
[2023.11.11-01.41.50] Log: Mounting Paks
[2023.11.11-01.41.50] Log: ===mounted paks===
[2023.11.11-01.41.50] Log: 

[2023.11.11-01.42.40] Log: Checking for mod folder
[2023.11.11-01.42.40] Log: Searching for Mods to mount
[2023.11.11-01.42.40] Log: Found 0 Mod pak files
[2023.11.11-01.42.41] Log: Mounting Paks
[2023.11.11-01.42.41] Log: ===mounted paks===
[2023.11.11-01.42.41] Log: 

[2023.11.11-01.45.03] Log: Checking for mod folder
[2023.11.11-01.45.03] Log: Searching for Mods to mount
[2023.11.11-01.45.03] Log: Found 0 Mod pak files
[2023.11.11-01.45.04] Log: Mounting Paks
[2023.11.11-01.45.04] Log: ===mounted paks===
[2023.11.11-01.45.04] Log: 

[2023.11.11-01.47.46] Log: Checking for mod folder
[2023.11.11-01.47.46] Log: Searching for Mods to mount
[2023.11.11-01.47.46] Log: Found 0 Mod pak files
[2023.11.11-01.47.47] Log: Mounting Paks
[2023.11.11-01.47.47] Log: ===mounted paks===
[2023.11.11-01.47.47] Log: 

[2023.11.11-01.49.15] Log: Checking for mod folder
[2023.11.11-01.49.15] Log: Searching for Mods to mount
[2023.11.11-01.49.15] Log: Found 0 Mod pak files
[2023.11.11-01.49.34] Log: Checking for mod folder
[2023.11.11-01.49.34] Log: Searching for Mods to mount
[2023.11.11-01.49.34] Log: Found 0 Mod pak files
[2023.11.11-01.49.35] Log: Mounting Paks
[2023.11.11-01.49.35] Log: ===mounted paks===
[2023.11.11-01.49.35] Log: 

[2023.11.11-01.51.51] Log: Checking for mod folder
[2023.11.11-01.51.51] Log: Searching for Mods to mount
[2023.11.11-01.51.51] Log: Found 0 Mod pak files
[2023.11.11-01.51.52] Log: Mounting Paks
[2023.11.11-01.51.52] Log: ===mounted paks===
[2023.11.11-01.51.52] Log: 

[2023.11.11-01.54.34] Log: Checking for mod folder
[2023.11.11-01.54.34] Log: Searching for Mods to mount
[2023.11.11-01.54.34] Log: Found 0 Mod pak files
[2023.11.11-01.54.35] Log: Mounting Paks
[2023.11.11-01.54.35] Log: ===mounted paks===
[2023.11.11-01.54.35] Log: 

[2023.11.11-01.57.38] Log: Checking for mod folder
[2023.11.11-01.57.38] Log: Searching for Mods to mount
[2023.11.11-01.57.38] Log: Found 0 Mod pak files
[2023.11.11-01.57.39] Log: Mounting Paks
[2023.11.11-01.57.39] Log: ===mounted paks===
[2023.11.11-01.57.39] Log: 

[2023.11.11-01.59.30] Log: Checking for mod folder
[2023.11.11-01.59.30] Log: Searching for Mods to mount
[2023.11.11-01.59.30] Log: Found 0 Mod pak files
[2023.11.11-01.59.31] Log: Mounting Paks
[2023.11.11-01.59.31] Log: ===mounted paks===
[2023.11.11-01.59.31] Log: 

[2023.11.11-02.01.59] Log: Checking for mod folder
[2023.11.11-02.01.59] Log: Searching for Mods to mount
[2023.11.11-02.01.59] Log: Found 0 Mod pak files
[2023.11.11-02.02.00] Log: Mounting Paks
[2023.11.11-02.02.00] Log: ===mounted paks===
[2023.11.11-02.02.00] Log: 

[2023.11.11-02.04.33] Log: Checking for mod folder
[2023.11.11-02.04.33] Log: Searching for Mods to mount
[2023.11.11-02.04.33] Log: Found 0 Mod pak files
[2023.11.11-02.04.34] Log: Mounting Paks
[2023.11.11-02.04.34] Log: ===mounted paks===
[2023.11.11-02.04.34] Log: 

[2023.11.11-02.06.26] Log: Checking for mod folder
[2023.11.11-02.06.26] Log: Searching for Mods to mount
[2023.11.11-02.06.26] Log: Found 0 Mod pak files
[2023.11.11-02.06.27] Log: Mounting Paks
[2023.11.11-02.06.27] Log: ===mounted paks===
[2023.11.11-02.06.27] Log: 

[2023.11.11-02.07.03] Log: Checking for mod folder
[2023.11.11-02.07.03] Log: Searching for Mods to mount
[2023.11.11-02.07.03] Log: Found 0 Mod pak files
[2023.11.11-02.07.04] Log: Mounting Paks
[2023.11.11-02.07.04] Log: ===mounted paks===
[2023.11.11-02.07.04] Log: 

[2023.11.11-02.10.18] Log: Checking for mod folder
[2023.11.11-02.10.18] Log: Searching for Mods to mount
[2023.11.11-02.10.18] Log: Found 0 Mod pak files
[2023.11.11-02.10.19] Log: Mounting Paks
[2023.11.11-02.10.19] Log: ===mounted paks===
[2023.11.11-02.10.19] Log: 

[2023.11.11-02.11.18] Log: Checking for mod folder
[2023.11.11-02.11.18] Log: Searching for Mods to mount
[2023.11.11-02.11.18] Log: Found 0 Mod pak files
[2023.11.11-02.11.19] Log: Mounting Paks
[2023.11.11-02.11.19] Log: ===mounted paks===
[2023.11.11-02.11.19] Log: 

[2023.11.11-02.13.09] Log: Checking for mod folder
[2023.11.11-02.13.09] Log: Searching for Mods to mount
[2023.11.11-02.13.09] Log: Found 0 Mod pak files
[2023.11.11-02.13.10] Log: Mounting Paks
[2023.11.11-02.13.10] Log: ===mounted paks===
[2023.11.11-02.13.10] Log: 

[2023.11.11-02.17.56] Log: Checking for mod folder
[2023.11.11-02.17.56] Log: Searching for Mods to mount
[2023.11.11-02.17.56] Log: Found 0 Mod pak files
[2023.11.11-02.17.57] Log: Mounting Paks
[2023.11.11-02.17.57] Log: ===mounted paks===
[2023.11.11-02.17.57] Log: 

[2023.11.11-02.20.51] Log: Checking for mod folder
[2023.11.11-02.20.51] Log: Searching for Mods to mount
[2023.11.11-02.20.51] Log: Found 0 Mod pak files
[2023.11.11-02.20.52] Log: Mounting Paks
[2023.11.11-02.20.52] Log: ===mounted paks===
[2023.11.11-02.20.52] Log: 

[2023.11.11-02.23.16] Log: Checking for mod folder
[2023.11.11-02.23.16] Log: Searching for Mods to mount
[2023.11.11-02.23.16] Log: Found 0 Mod pak files
[2023.11.11-02.23.17] Log: Mounting Paks
[2023.11.11-02.23.17] Log: ===mounted paks===
[2023.11.11-02.23.17] Log: 

[2023.11.11-02.31.13] Log: Checking for mod folder
[2023.11.11-02.31.13] Log: Searching for Mods to mount
[2023.11.11-02.31.13] Log: Found 0 Mod pak files
[2023.11.11-02.31.14] Log: Mounting Paks
[2023.11.11-02.31.14] Log: ===mounted paks===
[2023.11.11-02.31.14] Log: 

[2023.11.11-02.33.36] Log: Checking for mod folder
[2023.11.11-02.33.36] Log: Searching for Mods to mount
[2023.11.11-02.33.36] Log: Found 0 Mod pak files
[2023.11.11-02.33.37] Log: Mounting Paks
[2023.11.11-02.33.37] Log: ===mounted paks===
[2023.11.11-02.33.37] Log: 

[2023.11.11-02.34.22] Log: Checking for mod folder
[2023.11.11-02.34.22] Log: Searching for Mods to mount
[2023.11.11-02.34.22] Log: Found 0 Mod pak files
[2023.11.11-02.34.23] Log: Mounting Paks
[2023.11.11-02.34.23] Log: ===mounted paks===
[2023.11.11-02.34.23] Log: 

[2023.11.11-02.35.49] Log: Checking for mod folder
[2023.11.11-02.35.49] Log: Searching for Mods to mount
[2023.11.11-02.35.49] Log: Found 0 Mod pak files
[2023.11.11-02.35.51] Log: Mounting Paks
[2023.11.11-02.35.51] Log: ===mounted paks===
[2023.11.11-02.35.51] Log: 

[2023.11.11-02.36.47] Log: Checking for mod folder
[2023.11.11-02.36.47] Log: Searching for Mods to mount
[2023.11.11-02.36.47] Log: Found 0 Mod pak files
[2023.11.11-02.36.48] Log: Mounting Paks
[2023.11.11-02.36.48] Log: ===mounted paks===
[2023.11.11-02.36.48] Log: 

[2023.11.11-02.38.24] Log: Checking for mod folder
[2023.11.11-02.38.24] Log: Searching for Mods to mount
[2023.11.11-02.38.24] Log: Found 0 Mod pak files
[2023.11.11-02.38.25] Log: Mounting Paks
[2023.11.11-02.38.25] Log: ===mounted paks===
[2023.11.11-02.38.25] Log: 

[2023.11.11-02.51.46] Log: Checking for mod folder
[2023.11.11-02.51.46] Log: Searching for Mods to mount
[2023.11.11-02.51.46] Log: Found 0 Mod pak files
[2023.11.11-02.51.47] Log: Mounting Paks
[2023.11.11-02.51.47] Log: ===mounted paks===
[2023.11.11-02.51.47] Log: 

[2023.11.11-02.52.36] Log: Checking for mod folder
[2023.11.11-02.52.36] Log: Searching for Mods to mount
[2023.11.11-02.52.36] Log: Found 0 Mod pak files
[2023.11.11-02.52.37] Log: Mounting Paks
[2023.11.11-02.52.37] Log: ===mounted paks===
[2023.11.11-02.52.37] Log: 

[2023.11.11-02.53.13] Log: Checking for mod folder
[2023.11.11-02.53.13] Log: Searching for Mods to mount
[2023.11.11-02.53.13] Log: Found 0 Mod pak files
[2023.11.11-02.53.14] Log: Mounting Paks
[2023.11.11-02.53.14] Log: ===mounted paks===
[2023.11.11-02.53.14] Log: 

[2023.11.11-02.53.55] Log: Checking for mod folder
[2023.11.11-02.53.55] Log: Searching for Mods to mount
[2023.11.11-02.53.55] Log: Found 0 Mod pak files
[2023.11.11-02.53.56] Log: Mounting Paks
[2023.11.11-02.53.56] Log: ===mounted paks===
[2023.11.11-02.53.56] Log: 

[2023.11.11-02.56.45] Log: Checking for mod folder
[2023.11.11-02.56.45] Log: Searching for Mods to mount
[2023.11.11-02.56.45] Log: Found 0 Mod pak files
[2023.11.11-02.56.46] Log: Mounting Paks
[2023.11.11-02.56.46] Log: ===mounted paks===
[2023.11.11-02.56.46] Log: 

[2023.11.11-12.55.12] Log: Checking for mod folder
[2023.11.11-12.55.12] Log: Searching for Mods to mount
[2023.11.11-12.55.12] Log: Found 0 Mod pak files
[2023.11.11-12.55.13] Log: Mounting Paks
[2023.11.11-12.55.13] Log: ===mounted paks===
[2023.11.11-12.55.13] Log: 

[2023.11.11-12.59.28] Log: Checking for mod folder
[2023.11.11-12.59.28] Log: Searching for Mods to mount
[2023.11.11-12.59.28] Log: Found 0 Mod pak files
[2023.11.11-12.59.29] Log: Mounting Paks
[2023.11.11-12.59.29] Log: ===mounted paks===
[2023.11.11-12.59.29] Log: 

[2023.11.11-13.04.45] Log: Checking for mod folder
[2023.11.11-13.04.45] Log: Searching for Mods to mount
[2023.11.11-13.04.45] Log: Found 0 Mod pak files
[2023.11.11-13.04.46] Log: Mounting Paks
[2023.11.11-13.04.46] Log: ===mounted paks===
[2023.11.11-13.04.46] Log: 

[2023.11.11-13.07.18] Log: Checking for mod folder
[2023.11.11-13.07.18] Log: Searching for Mods to mount
[2023.11.11-13.07.18] Log: Found 0 Mod pak files
[2023.11.11-13.07.19] Log: Mounting Paks
[2023.11.11-13.07.19] Log: ===mounted paks===
[2023.11.11-13.07.19] Log: 

[2023.11.11-13.08.27] Log: Checking for mod folder
[2023.11.11-13.08.27] Log: Searching for Mods to mount
[2023.11.11-13.08.27] Log: Found 0 Mod pak files
[2023.11.11-13.08.28] Log: Mounting Paks
[2023.11.11-13.08.28] Log: ===mounted paks===
[2023.11.11-13.08.28] Log: 

[2023.11.11-13.16.37] Log: Checking for mod folder
[2023.11.11-13.16.37] Log: Searching for Mods to mount
[2023.11.11-13.16.37] Log: Found 0 Mod pak files
[2023.11.11-13.16.38] Log: Mounting Paks
[2023.11.11-13.16.38] Log: ===mounted paks===
[2023.11.11-13.16.38] Log: 

[2023.11.11-13.19.43] Log: Checking for mod folder
[2023.11.11-13.19.43] Log: Searching for Mods to mount
[2023.11.11-13.19.43] Log: Found 0 Mod pak files
[2023.11.11-13.19.44] Log: Mounting Paks
[2023.11.11-13.19.44] Log: ===mounted paks===
[2023.11.11-13.19.44] Log: 

[2023.11.11-13.21.33] Log: Checking for mod folder
[2023.11.11-13.21.33] Log: Searching for Mods to mount
[2023.11.11-13.21.33] Log: Found 0 Mod pak files
[2023.11.11-13.21.34] Log: Mounting Paks
[2023.11.11-13.21.34] Log: ===mounted paks===
[2023.11.11-13.21.34] Log: 

[2023.11.11-13.26.25] Log: Checking for mod folder
[2023.11.11-13.26.25] Log: Searching for Mods to mount
[2023.11.11-13.26.25] Log: Found 0 Mod pak files
[2023.11.11-13.26.26] Log: Mounting Paks
[2023.11.11-13.26.26] Log: ===mounted paks===
[2023.11.11-13.26.26] Log: 

[2023.11.11-13.32.25] Log: Checking for mod folder
[2023.11.11-13.32.25] Log: Searching for Mods to mount
[2023.11.11-13.32.25] Log: Found 0 Mod pak files
[2023.11.11-13.32.26] Log: Mounting Paks
[2023.11.11-13.32.26] Log: ===mounted paks===
[2023.11.11-13.32.26] Log: 

[2023.11.11-14.22.04] Log: Checking for mod folder
[2023.11.11-14.22.04] Log: Searching for Mods to mount
[2023.11.11-14.22.04] Log: Found 0 Mod pak files
[2023.11.11-14.22.05] Log: Mounting Paks
[2023.11.11-14.22.05] Log: ===mounted paks===
[2023.11.11-14.22.05] Log: 

[2023.11.11-15.12.03] Log: Checking for mod folder
[2023.11.11-15.12.03] Log: Searching for Mods to mount
[2023.11.11-15.12.03] Log: Found 0 Mod pak files
[2023.11.11-15.12.04] Log: Mounting Paks
[2023.11.11-15.12.04] Log: ===mounted paks===
[2023.11.11-15.12.04] Log: 

[2023.11.11-15.14.44] Log: Checking for mod folder
[2023.11.11-15.14.44] Log: Searching for Mods to mount
[2023.11.11-15.14.44] Log: Found 0 Mod pak files
[2023.11.11-15.14.45] Log: Mounting Paks
[2023.11.11-15.14.45] Log: ===mounted paks===
[2023.11.11-15.14.45] Log: 

[2023.11.11-16.57.42] Log: Checking for mod folder
[2023.11.11-16.57.42] Log: Searching for Mods to mount
[2023.11.11-16.57.42] Log: Found 0 Mod pak files
[2023.11.11-16.57.43] Log: Mounting Paks
[2023.11.11-16.57.43] Log: ===mounted paks===
[2023.11.11-16.57.43] Log: 

[2023.11.11-17.00.12] Log: Checking for mod folder
[2023.11.11-17.00.12] Log: Searching for Mods to mount
[2023.11.11-17.00.12] Log: Found 0 Mod pak files
[2023.11.11-17.00.13] Log: Mounting Paks
[2023.11.11-17.00.13] Log: ===mounted paks===
[2023.11.11-17.00.13] Log: 

[2023.11.11-17.02.59] Log: Checking for mod folder
[2023.11.11-17.02.59] Log: Searching for Mods to mount
[2023.11.11-17.02.59] Log: Found 0 Mod pak files
[2023.11.11-17.03.00] Log: Mounting Paks
[2023.11.11-17.03.00] Log: ===mounted paks===
[2023.11.11-17.03.00] Log: 

[2023.11.11-17.07.35] Log: Checking for mod folder
[2023.11.11-17.07.35] Log: Searching for Mods to mount
[2023.11.11-17.07.35] Log: Found 0 Mod pak files
[2023.11.11-17.07.36] Log: Mounting Paks
[2023.11.11-17.07.36] Log: ===mounted paks===
[2023.11.11-17.07.36] Log: 

[2023.11.11-18.25.16] Log: Checking for mod folder
[2023.11.11-18.25.16] Log: Searching for Mods to mount
[2023.11.11-18.25.16] Log: Found 0 Mod pak files
[2023.11.11-18.25.17] Log: Mounting Paks
[2023.11.11-18.25.17] Log: ===mounted paks===
[2023.11.11-18.25.17] Log: 

[2023.11.11-18.28.58] Log: Checking for mod folder
[2023.11.11-18.28.58] Log: Searching for Mods to mount
[2023.11.11-18.28.58] Log: Found 0 Mod pak files
[2023.11.11-18.28.59] Log: Mounting Paks
[2023.11.11-18.28.59] Log: ===mounted paks===
[2023.11.11-18.28.59] Log: 

[2023.11.11-18.38.00] Log: Checking for mod folder
[2023.11.11-18.38.00] Log: Searching for Mods to mount
[2023.11.11-18.38.00] Log: Found 0 Mod pak files
[2023.11.11-18.38.01] Log: Mounting Paks
[2023.11.11-18.38.01] Log: ===mounted paks===
[2023.11.11-18.38.01] Log: 

[2023.11.11-18.39.37] Log: Checking for mod folder
[2023.11.11-18.39.37] Log: Searching for Mods to mount
[2023.11.11-18.39.37] Log: Found 0 Mod pak files
[2023.11.11-18.39.38] Log: Mounting Paks
[2023.11.11-18.39.38] Log: ===mounted paks===
[2023.11.11-18.39.38] Log: 

[2023.11.11-18.53.29] Log: Checking for mod folder
[2023.11.11-18.53.29] Log: Searching for Mods to mount
[2023.11.11-18.53.29] Log: Found 0 Mod pak files
[2023.11.11-18.53.30] Log: Mounting Paks
[2023.11.11-18.53.30] Log: ===mounted paks===
[2023.11.11-18.53.30] Log: 

[2023.11.11-18.55.56] Log: Checking for mod folder
[2023.11.11-18.55.56] Log: Searching for Mods to mount
[2023.11.11-18.55.56] Log: Found 0 Mod pak files
[2023.11.11-18.55.57] Log: Mounting Paks
[2023.11.11-18.55.57] Log: ===mounted paks===
[2023.11.11-18.55.57] Log: 

[2023.11.11-18.57.09] Log: Checking for mod folder
[2023.11.11-18.57.09] Log: Searching for Mods to mount
[2023.11.11-18.57.09] Log: Found 0 Mod pak files
[2023.11.11-18.57.10] Log: Mounting Paks
[2023.11.11-18.57.10] Log: ===mounted paks===
[2023.11.11-18.57.10] Log: 

[2023.11.11-18.58.07] Log: Checking for mod folder
[2023.11.11-18.58.07] Log: Searching for Mods to mount
[2023.11.11-18.58.07] Log: Found 0 Mod pak files
[2023.11.11-18.58.08] Log: Mounting Paks
[2023.11.11-18.58.08] Log: ===mounted paks===
[2023.11.11-18.58.08] Log: 

[2023.11.11-18.59.30] Log: Checking for mod folder
[2023.11.11-18.59.30] Log: Searching for Mods to mount
[2023.11.11-18.59.30] Log: Found 0 Mod pak files
[2023.11.11-18.59.31] Log: Mounting Paks
[2023.11.11-18.59.31] Log: ===mounted paks===
[2023.11.11-18.59.31] Log: 

[2023.11.11-19.08.33] Log: Checking for mod folder
[2023.11.11-19.08.33] Log: Searching for Mods to mount
[2023.11.11-19.08.33] Log: Found 0 Mod pak files
[2023.11.11-19.08.34] Log: Mounting Paks
[2023.11.11-19.08.34] Log: ===mounted paks===
[2023.11.11-19.08.34] Log: 

[2023.11.11-19.11.08] Log: Checking for mod folder
[2023.11.11-19.11.08] Log: Searching for Mods to mount
[2023.11.11-19.11.08] Log: Found 0 Mod pak files
[2023.11.11-19.11.09] Log: Mounting Paks
[2023.11.11-19.11.09] Log: ===mounted paks===
[2023.11.11-19.11.09] Log: 

[2023.11.11-19.12.52] Log: Checking for mod folder
[2023.11.11-19.12.52] Log: Searching for Mods to mount
[2023.11.11-19.12.52] Log: Found 0 Mod pak files
[2023.11.11-19.12.53] Log: Mounting Paks
[2023.11.11-19.12.53] Log: ===mounted paks===
[2023.11.11-19.12.53] Log: 

[2023.11.11-19.22.31] Log: Checking for mod folder
[2023.11.11-19.22.31] Log: Searching for Mods to mount
[2023.11.11-19.22.31] Log: Found 0 Mod pak files
[2023.11.11-19.22.32] Log: Mounting Paks
[2023.11.11-19.22.32] Log: ===mounted paks===
[2023.11.11-19.22.32] Log: 

[2023.11.11-19.24.16] Log: Checking for mod folder
[2023.11.11-19.24.16] Log: Searching for Mods to mount
[2023.11.11-19.24.16] Log: Found 0 Mod pak files
[2023.11.11-19.24.17] Log: Mounting Paks
[2023.11.11-19.24.17] Log: ===mounted paks===
[2023.11.11-19.24.17] Log: 

[2023.11.11-19.33.47] Log: Checking for mod folder
[2023.11.11-19.33.47] Log: Searching for Mods to mount
[2023.11.11-19.33.47] Log: Found 0 Mod pak files
[2023.11.11-19.33.48] Log: Mounting Paks
[2023.11.11-19.33.48] Log: ===mounted paks===
[2023.11.11-19.33.48] Log: 

[2023.11.11-19.53.08] Log: Checking for mod folder
[2023.11.11-19.53.08] Log: Searching for Mods to mount
[2023.11.11-19.53.08] Log: Found 0 Mod pak files
[2023.11.11-19.53.09] Log: Mounting Paks
[2023.11.11-19.53.09] Log: ===mounted paks===
[2023.11.11-19.53.09] Log: 

[2023.11.11-20.01.14] Log: Checking for mod folder
[2023.11.11-20.01.14] Log: Searching for Mods to mount
[2023.11.11-20.01.14] Log: Found 0 Mod pak files
[2023.11.11-20.01.15] Log: Mounting Paks
[2023.11.11-20.01.15] Log: ===mounted paks===
[2023.11.11-20.01.15] Log: 

[2023.11.11-20.04.03] Log: Checking for mod folder
[2023.11.11-20.04.03] Log: Searching for Mods to mount
[2023.11.11-20.04.03] Log: Found 0 Mod pak files
[2023.11.11-20.04.04] Log: Mounting Paks
[2023.11.11-20.04.04] Log: ===mounted paks===
[2023.11.11-20.04.04] Log: 

[2023.11.11-20.08.05] Log: Checking for mod folder
[2023.11.11-20.08.05] Log: Searching for Mods to mount
[2023.11.11-20.08.05] Log: Found 0 Mod pak files
[2023.11.11-20.08.06] Log: Mounting Paks
[2023.11.11-20.08.06] Log: ===mounted paks===
[2023.11.11-20.08.06] Log: 

[2023.11.11-20.28.23] Log: Checking for mod folder
[2023.11.11-20.28.23] Log: Searching for Mods to mount
[2023.11.11-20.28.23] Log: Found 0 Mod pak files
[2023.11.11-20.28.24] Log: Mounting Paks
[2023.11.11-20.28.24] Log: ===mounted paks===
[2023.11.11-20.28.24] Log: 

[2023.11.11-20.34.19] Log: Checking for mod folder
[2023.11.11-20.34.19] Log: Searching for Mods to mount
[2023.11.11-20.34.19] Log: Found 0 Mod pak files
[2023.11.11-20.34.20] Log: Mounting Paks
[2023.11.11-20.34.20] Log: ===mounted paks===
[2023.11.11-20.34.20] Log: 

[2023.11.11-20.37.05] Log: Checking for mod folder
[2023.11.11-20.37.05] Log: Searching for Mods to mount
[2023.11.11-20.37.05] Log: Found 0 Mod pak files
[2023.11.11-20.37.06] Log: Mounting Paks
[2023.11.11-20.37.06] Log: ===mounted paks===
[2023.11.11-20.37.06] Log: 

[2023.11.11-20.38.15] Log: Checking for mod folder
[2023.11.11-20.38.15] Log: Searching for Mods to mount
[2023.11.11-20.38.15] Log: Found 0 Mod pak files
[2023.11.11-20.38.16] Log: Mounting Paks
[2023.11.11-20.38.16] Log: ===mounted paks===
[2023.11.11-20.38.16] Log: 

[2023.11.11-20.40.57] Log: Checking for mod folder
[2023.11.11-20.40.57] Log: Searching for Mods to mount
[2023.11.11-20.40.57] Log: Found 0 Mod pak files
[2023.11.11-20.40.58] Log: Mounting Paks
[2023.11.11-20.40.58] Log: ===mounted paks===
[2023.11.11-20.40.58] Log: 

[2023.11.11-20.43.26] Log: Checking for mod folder
[2023.11.11-20.43.26] Log: Searching for Mods to mount
[2023.11.11-20.43.26] Log: Found 0 Mod pak files
[2023.11.11-20.43.27] Log: Mounting Paks
[2023.11.11-20.43.27] Log: ===mounted paks===
[2023.11.11-20.43.27] Log: 

[2023.11.11-20.45.45] Log: Checking for mod folder
[2023.11.11-20.45.45] Log: Searching for Mods to mount
[2023.11.11-20.45.45] Log: Found 0 Mod pak files
[2023.11.11-20.45.46] Log: Mounting Paks
[2023.11.11-20.45.46] Log: ===mounted paks===
[2023.11.11-20.45.46] Log: 

[2023.11.11-20.46.42] Log: Checking for mod folder
[2023.11.11-20.46.42] Log: Searching for Mods to mount
[2023.11.11-20.46.42] Log: Found 0 Mod pak files
[2023.11.11-20.46.43] Log: Mounting Paks
[2023.11.11-20.46.43] Log: ===mounted paks===
[2023.11.11-20.46.43] Log: 

[2023.11.11-20.55.30] Log: Checking for mod folder
[2023.11.11-20.55.30] Log: Searching for Mods to mount
[2023.11.11-20.55.30] Log: Found 0 Mod pak files
[2023.11.11-20.55.31] Log: Mounting Paks
[2023.11.11-20.55.31] Log: ===mounted paks===
[2023.11.11-20.55.31] Log: 

[2023.11.11-20.58.23] Log: Checking for mod folder
[2023.11.11-20.58.23] Log: Searching for Mods to mount
[2023.11.11-20.58.23] Log: Found 0 Mod pak files
[2023.11.11-20.58.24] Log: Mounting Paks
[2023.11.11-20.58.24] Log: ===mounted paks===
[2023.11.11-20.58.24] Log: 

[2023.11.11-20.59.55] Log: Checking for mod folder
[2023.11.11-20.59.55] Log: Searching for Mods to mount
[2023.11.11-20.59.55] Log: Found 0 Mod pak files
[2023.11.11-20.59.56] Log: Mounting Paks
[2023.11.11-20.59.56] Log: ===mounted paks===
[2023.11.11-20.59.56] Log: 

[2023.11.11-21.01.15] Log: Checking for mod folder
[2023.11.11-21.01.15] Log: Searching for Mods to mount
[2023.11.11-21.01.15] Log: Found 0 Mod pak files
[2023.11.11-21.01.16] Log: Mounting Paks
[2023.11.11-21.01.16] Log: ===mounted paks===
[2023.11.11-21.01.16] Log: 

[2023.11.11-21.04.28] Log: Checking for mod folder
[2023.11.11-21.04.28] Log: Searching for Mods to mount
[2023.11.11-21.04.28] Log: Found 0 Mod pak files
[2023.11.11-21.04.29] Log: Mounting Paks
[2023.11.11-21.04.29] Log: ===mounted paks===
[2023.11.11-21.04.29] Log: 

[2023.11.11-21.07.34] Log: Checking for mod folder
[2023.11.11-21.07.34] Log: Searching for Mods to mount
[2023.11.11-21.07.34] Log: Found 0 Mod pak files
[2023.11.11-21.07.35] Log: Mounting Paks
[2023.11.11-21.07.35] Log: ===mounted paks===
[2023.11.11-21.07.35] Log: 

[2023.11.11-21.13.20] Log: Checking for mod folder
[2023.11.11-21.13.20] Log: Searching for Mods to mount
[2023.11.11-21.13.20] Log: Found 0 Mod pak files
[2023.11.11-21.13.21] Log: Mounting Paks
[2023.11.11-21.13.21] Log: ===mounted paks===
[2023.11.11-21.13.21] Log: 

[2023.11.11-21.17.33] Log: Checking for mod folder
[2023.11.11-21.17.33] Log: Searching for Mods to mount
[2023.11.11-21.17.33] Log: Found 0 Mod pak files
[2023.11.11-21.17.34] Log: Mounting Paks
[2023.11.11-21.17.34] Log: ===mounted paks===
[2023.11.11-21.17.34] Log: 

[2023.11.11-21.19.06] Log: Checking for mod folder
[2023.11.11-21.19.06] Log: Searching for Mods to mount
[2023.11.11-21.19.06] Log: Found 0 Mod pak files
[2023.11.11-21.19.07] Log: Mounting Paks
[2023.11.11-21.19.07] Log: ===mounted paks===
[2023.11.11-21.19.07] Log: 

[2023.11.11-21.24.13] Log: Checking for mod folder
[2023.11.11-21.24.13] Log: Searching for Mods to mount
[2023.11.11-21.24.13] Log: Found 0 Mod pak files
[2023.11.11-21.24.14] Log: Mounting Paks
[2023.11.11-21.24.14] Log: ===mounted paks===
[2023.11.11-21.24.14] Log: 

[2023.11.11-21.25.33] Log: Checking for mod folder
[2023.11.11-21.25.33] Log: Searching for Mods to mount
[2023.11.11-21.25.33] Log: Found 0 Mod pak files
[2023.11.11-21.25.34] Log: Mounting Paks
[2023.11.11-21.25.34] Log: ===mounted paks===
[2023.11.11-21.25.34] Log: 

[2023.11.11-21.31.05] Log: Checking for mod folder
[2023.11.11-21.31.05] Log: Searching for Mods to mount
[2023.11.11-21.31.05] Log: Found 0 Mod pak files
[2023.11.11-21.31.06] Log: Mounting Paks
[2023.11.11-21.31.06] Log: ===mounted paks===
[2023.11.11-21.31.06] Log: 

[2023.11.11-21.34.46] Log: Checking for mod folder
[2023.11.11-21.34.46] Log: Searching for Mods to mount
[2023.11.11-21.34.46] Log: Found 0 Mod pak files
[2023.11.11-21.34.47] Log: Mounting Paks
[2023.11.11-21.34.47] Log: ===mounted paks===
[2023.11.11-21.34.47] Log: 

[2023.11.11-21.39.15] Log: Checking for mod folder
[2023.11.11-21.39.15] Log: Searching for Mods to mount
[2023.11.11-21.39.15] Log: Found 0 Mod pak files
[2023.11.11-21.39.16] Log: Mounting Paks
[2023.11.11-21.39.16] Log: ===mounted paks===
[2023.11.11-21.39.16] Log: 

[2023.11.11-21.40.56] Log: Checking for mod folder
[2023.11.11-21.40.56] Log: Searching for Mods to mount
[2023.11.11-21.40.56] Log: Found 0 Mod pak files
[2023.11.11-21.40.57] Log: Mounting Paks
[2023.11.11-21.40.57] Log: ===mounted paks===
[2023.11.11-21.40.57] Log: 

[2023.11.11-21.46.07] Log: Checking for mod folder
[2023.11.11-21.46.07] Log: Searching for Mods to mount
[2023.11.11-21.46.07] Log: Found 0 Mod pak files
[2023.11.11-21.46.08] Log: Mounting Paks
[2023.11.11-21.46.08] Log: ===mounted paks===
[2023.11.11-21.46.08] Log: 

[2023.11.11-21.47.39] Log: Checking for mod folder
[2023.11.11-21.47.39] Log: Searching for Mods to mount
[2023.11.11-21.47.39] Log: Found 0 Mod pak files
[2023.11.11-21.47.40] Log: Mounting Paks
[2023.11.11-21.47.40] Log: ===mounted paks===
[2023.11.11-21.47.40] Log: 

[2023.11.11-21.52.09] Log: Checking for mod folder
[2023.11.11-21.52.09] Log: Searching for Mods to mount
[2023.11.11-21.52.09] Log: Found 0 Mod pak files
[2023.11.11-21.52.10] Log: Mounting Paks
[2023.11.11-21.52.10] Log: ===mounted paks===
[2023.11.11-21.52.10] Log: 

[2023.11.11-21.56.03] Log: Checking for mod folder
[2023.11.11-21.56.03] Log: Searching for Mods to mount
[2023.11.11-21.56.03] Log: Found 0 Mod pak files
[2023.11.11-21.56.04] Log: Mounting Paks
[2023.11.11-21.56.04] Log: ===mounted paks===
[2023.11.11-21.56.04] Log: 

